INFO 2023-09-30 11:44:51,360 autoreload 19864 16740 Watching for file changes with StatReloader
INFO 2023-09-30 11:44:52,779 basehttp 19864 1824 "GET / HTTP/1.1" 200 12
INFO 2023-09-30 11:44:52,976 basehttp 19864 11748 "GET / HTTP/1.1" 200 12
INFO 2023-09-30 11:44:58,004 basehttp 19864 1824 "GET /cube/ HTTP/1.1" 200 1
INFO 2023-09-30 11:44:58,053 basehttp 19864 11748 "GET /cube/ HTTP/1.1" 200 1
INFO 2023-09-30 11:44:59,762 basehttp 19864 1824 "GET /cube/ HTTP/1.1" 200 1
INFO 2023-09-30 11:44:59,797 basehttp 19864 11748 "GET /cube/ HTTP/1.1" 200 1
INFO 2023-09-30 11:44:59,934 basehttp 19864 1824 "GET /cube/ HTTP/1.1" 200 1
INFO 2023-09-30 11:44:59,965 basehttp 19864 11748 "GET /cube/ HTTP/1.1" 200 1
INFO 2023-09-30 11:45:00,099 basehttp 19864 1824 "GET /cube/ HTTP/1.1" 200 1
INFO 2023-09-30 11:45:00,132 basehttp 19864 11748 "GET /cube/ HTTP/1.1" 200 1
INFO 2023-09-30 11:45:00,258 basehttp 19864 1824 "GET /cube/ HTTP/1.1" 200 1
INFO 2023-09-30 11:45:00,293 basehttp 19864 11748 "GET /cube/ HTTP/1.1" 200 1
INFO 2023-09-30 11:45:00,415 basehttp 19864 1824 "GET /cube/ HTTP/1.1" 200 1
INFO 2023-09-30 11:45:00,449 basehttp 19864 11748 "GET /cube/ HTTP/1.1" 200 1
INFO 2023-09-30 11:45:00,567 basehttp 19864 1824 "GET /cube/ HTTP/1.1" 200 1
INFO 2023-09-30 11:45:00,598 basehttp 19864 11748 "GET /cube/ HTTP/1.1" 200 1
INFO 2023-09-30 11:46:25,552 autoreload 19864 16740 C:\Users\dima4\Documents\GeekBrains\Programmer\000_Tech_spec\Django\project-django\games_app\views.py changed, reloading.
INFO 2023-09-30 11:46:25,989 autoreload 13812 11176 Watching for file changes with StatReloader
INFO 2023-09-30 11:46:31,355 autoreload 13812 11176 C:\Users\dima4\Documents\GeekBrains\Programmer\000_Tech_spec\Django\project-django\games_app\views.py changed, reloading.
INFO 2023-09-30 11:46:31,728 autoreload 9580 1632 Watching for file changes with StatReloader
INFO 2023-09-30 11:46:36,947 autoreload 9580 1632 C:\Users\dima4\Documents\GeekBrains\Programmer\000_Tech_spec\Django\project-django\games_app\views.py changed, reloading.
INFO 2023-09-30 11:46:37,372 autoreload 3252 18292 Watching for file changes with StatReloader
INFO 2023-09-30 11:46:44,774 autoreload 3252 18292 C:\Users\dima4\Documents\GeekBrains\Programmer\000_Tech_spec\Django\project-django\games_app\views.py changed, reloading.
INFO 2023-09-30 11:46:45,185 autoreload 9664 8252 Watching for file changes with StatReloader
INFO 2023-09-30 11:46:50,535 autoreload 9664 8252 C:\Users\dima4\Documents\GeekBrains\Programmer\000_Tech_spec\Django\project-django\games_app\views.py changed, reloading.
INFO 2023-09-30 11:46:50,928 autoreload 13820 1944 Watching for file changes with StatReloader
INFO 2023-09-30 11:47:35,341 autoreload 13820 1944 C:\Users\dima4\Documents\GeekBrains\Programmer\000_Tech_spec\Django\project-django\games_app\views.py changed, reloading.
INFO 2023-09-30 11:47:35,726 autoreload 19020 21164 Watching for file changes with StatReloader
INFO 2023-09-30 11:47:59,468 autoreload 19020 21164 C:\Users\dima4\Documents\GeekBrains\Programmer\000_Tech_spec\Django\project-django\games_app\views.py changed, reloading.
INFO 2023-09-30 11:47:59,895 autoreload 21496 8080 Watching for file changes with StatReloader
INFO 2023-09-30 11:48:25,729 autoreload 21496 8080 C:\Users\dima4\Documents\GeekBrains\Programmer\000_Tech_spec\Django\project-django\games_app\views.py changed, reloading.
INFO 2023-09-30 11:48:26,127 autoreload 3312 21308 Watching for file changes with StatReloader
INFO 2023-09-30 11:49:04,140 autoreload 3312 21308 C:\Users\dima4\Documents\GeekBrains\Programmer\000_Tech_spec\Django\project-django\games_app\views.py changed, reloading.
INFO 2023-09-30 11:49:04,578 autoreload 17648 18596 Watching for file changes with StatReloader
INFO 2023-09-30 11:49:58,259 autoreload 17648 18596 C:\Users\dima4\Documents\GeekBrains\Programmer\000_Tech_spec\Django\project-django\games_app\views.py changed, reloading.
INFO 2023-09-30 11:49:58,625 autoreload 1124 19504 Watching for file changes with StatReloader
INFO 2023-09-30 11:50:07,110 autoreload 1124 19504 C:\Users\dima4\Documents\GeekBrains\Programmer\000_Tech_spec\Django\project-django\games_app\views.py changed, reloading.
INFO 2023-09-30 11:50:07,492 autoreload 15764 18548 Watching for file changes with StatReloader
INFO 2023-09-30 11:51:28,699 autoreload 15764 18548 C:\Users\dima4\Documents\GeekBrains\Programmer\000_Tech_spec\Django\project-django\myproject\settings.py changed, reloading.
INFO 2023-09-30 11:51:29,125 autoreload 20176 12432 Watching for file changes with StatReloader
INFO 2023-09-30 11:51:51,512 autoreload 19172 11056 Watching for file changes with StatReloader
INFO 2023-09-30 11:51:52,845 basehttp 19172 2616 "GET / HTTP/1.1" 200 12
INFO 2023-09-30 11:51:53,134 basehttp 19172 19660 "GET / HTTP/1.1" 200 12
INFO 2023-09-30 11:52:01,535 views 19172 2616 Выпало значение: 2
INFO 2023-09-30 11:52:01,536 basehttp 19172 2616 "GET /cube/ HTTP/1.1" 200 1
INFO 2023-09-30 11:52:01,569 views 19172 19660 Выпало значение: 1
INFO 2023-09-30 11:52:01,569 basehttp 19172 19660 "GET /cube/ HTTP/1.1" 200 1
INFO 2023-09-30 11:52:03,179 views 19172 15428 Выпало значение: 1
INFO 2023-09-30 11:52:03,180 basehttp 19172 15428 "GET /cube/ HTTP/1.1" 200 1
INFO 2023-09-30 11:52:03,215 views 19172 7232 Выпало значение: 2
INFO 2023-09-30 11:52:03,216 basehttp 19172 7232 "GET /cube/ HTTP/1.1" 200 1
INFO 2023-09-30 11:52:03,628 views 19172 15428 Выпало значение: 1
INFO 2023-09-30 11:52:03,629 basehttp 19172 15428 "GET /cube/ HTTP/1.1" 200 1
INFO 2023-09-30 11:52:03,664 views 19172 7232 Выпало значение: 1
INFO 2023-09-30 11:52:03,665 basehttp 19172 7232 "GET /cube/ HTTP/1.1" 200 1
INFO 2023-09-30 11:52:15,922 views 19172 15428 Выпало число: 25
INFO 2023-09-30 11:52:15,923 basehttp 19172 15428 "GET /random_number/ HTTP/1.1" 200 2
INFO 2023-09-30 11:52:15,960 views 19172 7232 Выпало число: 70
INFO 2023-09-30 11:52:15,961 basehttp 19172 7232 "GET /random_number/ HTTP/1.1" 200 2
INFO 2023-09-30 11:52:17,691 views 19172 15428 Выпало число: 73
INFO 2023-09-30 11:52:17,691 basehttp 19172 15428 "GET /random_number/ HTTP/1.1" 200 2
INFO 2023-09-30 11:52:17,727 views 19172 7232 Выпало число: 64
INFO 2023-09-30 11:52:17,728 basehttp 19172 7232 "GET /random_number/ HTTP/1.1" 200 2
INFO 2023-09-30 11:52:18,213 views 19172 15428 Выпало число: 58
INFO 2023-09-30 11:52:18,214 basehttp 19172 15428 "GET /random_number/ HTTP/1.1" 200 2
INFO 2023-09-30 11:52:18,248 views 19172 7232 Выпало число: 90
INFO 2023-09-30 11:52:18,249 basehttp 19172 7232 "GET /random_number/ HTTP/1.1" 200 2
INFO 2023-09-30 11:52:23,087 views 19172 15428 Выпала сторона: решка
INFO 2023-09-30 11:52:23,088 basehttp 19172 15428 "GET /eagle/ HTTP/1.1" 200 10
INFO 2023-09-30 11:52:23,128 views 19172 7232 Выпала сторона: орёл
INFO 2023-09-30 11:52:23,130 basehttp 19172 7232 "GET /eagle/ HTTP/1.1" 200 8
INFO 2023-09-30 11:52:24,606 views 19172 15428 Выпала сторона: решка
INFO 2023-09-30 11:52:24,607 basehttp 19172 15428 "GET /eagle/ HTTP/1.1" 200 10
INFO 2023-09-30 11:52:24,644 views 19172 7232 Выпала сторона: орёл
INFO 2023-09-30 11:52:24,645 basehttp 19172 7232 "GET /eagle/ HTTP/1.1" 200 8
INFO 2023-09-30 11:52:24,967 views 19172 15428 Выпала сторона: решка
INFO 2023-09-30 11:52:24,968 basehttp 19172 15428 "GET /eagle/ HTTP/1.1" 200 10
INFO 2023-09-30 11:52:25,005 views 19172 7232 Выпала сторона: решка
INFO 2023-09-30 11:52:25,005 basehttp 19172 7232 "GET /eagle/ HTTP/1.1" 200 10
INFO 2023-09-30 11:52:25,611 views 19172 15428 Выпала сторона: решка
INFO 2023-09-30 11:52:25,613 basehttp 19172 15428 "GET /eagle/ HTTP/1.1" 200 10
INFO 2023-09-30 11:52:25,653 views 19172 7232 Выпала сторона: орёл
INFO 2023-09-30 11:52:25,654 basehttp 19172 7232 "GET /eagle/ HTTP/1.1" 200 8
INFO 2023-09-30 11:52:25,997 views 19172 15428 Выпала сторона: орёл
INFO 2023-09-30 11:52:25,997 basehttp 19172 15428 "GET /eagle/ HTTP/1.1" 200 8
INFO 2023-09-30 11:52:26,033 views 19172 7232 Выпала сторона: решка
INFO 2023-09-30 11:52:26,033 basehttp 19172 7232 "GET /eagle/ HTTP/1.1" 200 10
INFO 2023-09-30 11:52:26,454 views 19172 15428 Выпала сторона: орёл
INFO 2023-09-30 11:52:26,454 basehttp 19172 15428 "GET /eagle/ HTTP/1.1" 200 8
INFO 2023-09-30 11:52:26,490 views 19172 7232 Выпала сторона: орёл
INFO 2023-09-30 11:52:26,490 basehttp 19172 7232 "GET /eagle/ HTTP/1.1" 200 8
INFO 2023-09-30 12:02:51,341 autoreload 13236 17940 Watching for file changes with StatReloader
INFO 2023-09-30 12:38:16,027 autoreload 15212 5344 Watching for file changes with StatReloader
INFO 2023-09-30 12:38:18,028 basehttp 15212 14904 "GET / HTTP/1.1" 200 12
INFO 2023-09-30 12:38:18,252 basehttp 15212 8924 "GET / HTTP/1.1" 200 12
INFO 2023-09-30 12:38:24,468 views 15212 14904 посещение страницы about в: 2023-09-30 12:38:24.468243
INFO 2023-09-30 12:38:24,469 basehttp 15212 14904 "GET /about/ HTTP/1.1" 200 1702
INFO 2023-09-30 12:38:24,535 views 15212 8924 посещение страницы about в: 2023-09-30 12:38:24.535290
INFO 2023-09-30 12:38:24,535 basehttp 15212 8924 "GET /about/ HTTP/1.1" 200 1702
INFO 2023-09-30 12:39:23,797 autoreload 15212 5344 C:\Users\dima4\Documents\GeekBrains\Programmer\000_Tech_spec\Django\project-django\homework_1\urls.py changed, reloading.
INFO 2023-09-30 12:39:24,244 autoreload 18924 1440 Watching for file changes with StatReloader
WARNING 2023-09-30 12:39:31,437 log 18924 9168 Not Found: /main_page/
WARNING 2023-09-30 12:39:31,438 basehttp 18924 9168 "GET /main_page/ HTTP/1.1" 404 3132
WARNING 2023-09-30 12:39:31,496 log 18924 21500 Not Found: /main_page/
WARNING 2023-09-30 12:39:31,497 basehttp 18924 21500 "GET /main_page/ HTTP/1.1" 404 3132
INFO 2023-09-30 12:41:07,877 autoreload 18924 1440 C:\Users\dima4\Documents\GeekBrains\Programmer\000_Tech_spec\Django\project-django\myproject\settings.py changed, reloading.
INFO 2023-09-30 12:41:08,289 autoreload 18020 14248 Watching for file changes with StatReloader
WARNING 2023-09-30 12:41:09,861 log 18020 2940 Not Found: /main_page/
WARNING 2023-09-30 12:41:09,862 basehttp 18020 2940 "GET /main_page/ HTTP/1.1" 404 3132
WARNING 2023-09-30 12:41:09,914 log 18020 11432 Not Found: /main_page/
WARNING 2023-09-30 12:41:09,915 basehttp 18020 11432 "GET /main_page/ HTTP/1.1" 404 3132
INFO 2023-09-30 12:42:10,775 autoreload 19204 17416 Watching for file changes with StatReloader
INFO 2023-09-30 12:42:11,931 basehttp 19204 8800 "GET / HTTP/1.1" 200 12
INFO 2023-09-30 12:42:12,071 basehttp 19204 8320 "GET / HTTP/1.1" 200 12
WARNING 2023-09-30 12:42:24,979 log 19204 8800 Not Found: /main_page/
WARNING 2023-09-30 12:42:24,979 basehttp 19204 8800 "GET /main_page/ HTTP/1.1" 404 3123
WARNING 2023-09-30 12:42:25,035 log 19204 8320 Not Found: /main_page/
WARNING 2023-09-30 12:42:25,036 basehttp 19204 8320 "GET /main_page/ HTTP/1.1" 404 3123
INFO 2023-09-30 12:42:39,706 autoreload 19204 17416 C:\Users\dima4\Documents\GeekBrains\Programmer\000_Tech_spec\Django\project-django\homework_1\urls.py changed, reloading.
INFO 2023-09-30 12:42:40,108 autoreload 8224 9236 Watching for file changes with StatReloader
WARNING 2023-09-30 12:42:40,511 log 8224 3292 Not Found: /main_page/
WARNING 2023-09-30 12:42:40,511 basehttp 8224 3292 "GET /main_page/ HTTP/1.1" 404 3132
WARNING 2023-09-30 12:42:40,565 log 8224 7964 Not Found: /main_page/
WARNING 2023-09-30 12:42:40,565 basehttp 8224 7964 "GET /main_page/ HTTP/1.1" 404 3132
INFO 2023-09-30 12:42:50,694 autoreload 8224 9236 C:\Users\dima4\Documents\GeekBrains\Programmer\000_Tech_spec\Django\project-django\homework_1\urls.py changed, reloading.
INFO 2023-09-30 12:42:51,104 autoreload 13756 16220 Watching for file changes with StatReloader
INFO 2023-09-30 12:42:51,506 views 13756 21140 посещение страницы index в: 2023-09-30 12:42:51.506702
INFO 2023-09-30 12:42:51,507 basehttp 13756 21140 "GET /main_page/ HTTP/1.1" 200 1779
INFO 2023-09-30 12:42:51,554 views 13756 9312 посещение страницы index в: 2023-09-30 12:42:51.554202
INFO 2023-09-30 12:42:51,555 basehttp 13756 9312 "GET /main_page/ HTTP/1.1" 200 1779
